[0m12:06:49.969630 [debug] [MainThread]: Sending event: {'category': 'dbt', 'action': 'invocation', 'label': 'start', 'context': [<snowplow_tracker.self_describing_json.SelfDescribingJson object at 0x000002B56E524DD0>, <snowplow_tracker.self_describing_json.SelfDescribingJson object at 0x000002B56E4DD7D0>, <snowplow_tracker.self_describing_json.SelfDescribingJson object at 0x000002B56E502D10>]}


============================== 12:06:49.983626 | 230d052b-8628-4af2-828a-96a0cc1f7cfb ==============================
[0m12:06:49.983626 [info ] [MainThread]: Running with dbt=1.6.0
[0m12:06:49.985587 [debug] [MainThread]: running dbt with arguments {'printer_width': '80', 'indirect_selection': 'eager', 'log_cache_events': 'False', 'write_json': 'True', 'partial_parse': 'True', 'cache_selected_only': 'False', 'warn_error': 'None', 'fail_fast': 'False', 'debug': 'False', 'log_path': 'logs', 'version_check': 'True', 'profiles_dir': 'C:\\Users\\mmuni\\.dbt', 'use_colors': 'True', 'use_experimental_parser': 'False', 'no_print': 'None', 'quiet': 'False', 'warn_error_options': 'WarnErrorOptions(include=[], exclude=[])', 'introspect': 'True', 'log_format': 'default', 'static_parser': 'True', 'target_path': 'None', 'invocation_command': 'dbt init nfl_etl', 'send_anonymous_usage_stats': 'True'}
[0m12:06:49.986587 [warn ] [MainThread]: [ConfigFolderDirectory]: Unable to parse dict {'dir': WindowsPath('C:/Users/mmuni/.dbt')}
[0m12:06:49.987584 [info ] [MainThread]: Creating dbt configuration folder at 
[0m12:06:49.990603 [debug] [MainThread]: Starter project path: C:\Users\mmuni\source\repos\nfl_etl\venv\Lib\site-packages\dbt\include\starter_project
[0m12:06:50.074361 [info ] [MainThread]: 
Your new dbt project "nfl_etl" was created!

For more information on how to configure the profiles.yml file,
please consult the dbt documentation here:

  https://docs.getdbt.com/docs/configure-your-profile

One more thing:

Need help? Don't hesitate to reach out to us via GitHub issues or on Slack:

  https://community.getdbt.com/

Happy modeling!

[0m12:06:50.079342 [info ] [MainThread]: Setting up your profile.
[0m12:06:50.082329 [error] [MainThread]: Encountered an error:
Runtime Error
  No adapters available. Learn how to install an adapter by going to https://docs.getdbt.com/docs/connect-adapters#install-using-the-cli
[0m12:06:50.084323 [debug] [MainThread]: Command `dbt init` failed at 12:06:50.084323 after 0.13 seconds
[0m12:06:50.085349 [debug] [MainThread]: Sending event: {'category': 'dbt', 'action': 'invocation', 'label': 'end', 'context': [<snowplow_tracker.self_describing_json.SelfDescribingJson object at 0x000002B56EB67590>, <snowplow_tracker.self_describing_json.SelfDescribingJson object at 0x000002B56EB65150>, <snowplow_tracker.self_describing_json.SelfDescribingJson object at 0x000002B568A2A850>]}
[0m12:06:50.086317 [debug] [MainThread]: Flushing usage events
[0m12:07:36.084727 [debug] [MainThread]: Sending event: {'category': 'dbt', 'action': 'invocation', 'label': 'start', 'context': [<snowplow_tracker.self_describing_json.SelfDescribingJson object at 0x00000296CCA1CDD0>, <snowplow_tracker.self_describing_json.SelfDescribingJson object at 0x00000296CC585810>, <snowplow_tracker.self_describing_json.SelfDescribingJson object at 0x00000296CC53D990>]}


============================== 12:07:36.091742 | 1f67366f-117c-472a-beca-a844cf5946d5 ==============================
[0m12:07:36.091742 [info ] [MainThread]: Running with dbt=1.6.0
[0m12:07:36.093704 [debug] [MainThread]: running dbt with arguments {'printer_width': '80', 'indirect_selection': 'eager', 'write_json': 'True', 'log_cache_events': 'False', 'partial_parse': 'True', 'cache_selected_only': 'False', 'profiles_dir': 'C:\\Users\\mmuni\\.dbt', 'version_check': 'True', 'fail_fast': 'False', 'log_path': 'logs', 'debug': 'False', 'warn_error': 'None', 'use_colors': 'True', 'use_experimental_parser': 'False', 'no_print': 'None', 'quiet': 'False', 'warn_error_options': 'WarnErrorOptions(include=[], exclude=[])', 'invocation_command': 'dbt init nfl_etl', 'static_parser': 'True', 'introspect': 'True', 'target_path': 'None', 'log_format': 'default', 'send_anonymous_usage_stats': 'True'}
[0m12:07:36.095698 [info ] [MainThread]: A project called nfl_etl already exists here.
[0m12:07:36.098692 [debug] [MainThread]: Command `dbt init` succeeded at 12:07:36.097693 after 0.04 seconds
[0m12:07:36.099687 [debug] [MainThread]: Sending event: {'category': 'dbt', 'action': 'invocation', 'label': 'end', 'context': [<snowplow_tracker.self_describing_json.SelfDescribingJson object at 0x00000296CCEAF610>, <snowplow_tracker.self_describing_json.SelfDescribingJson object at 0x00000296CC584A50>, <snowplow_tracker.self_describing_json.SelfDescribingJson object at 0x00000296CCA93090>]}
[0m12:07:36.100685 [debug] [MainThread]: Flushing usage events
[0m12:08:40.043378 [debug] [MainThread]: Sending event: {'category': 'dbt', 'action': 'invocation', 'label': 'start', 'context': [<snowplow_tracker.self_describing_json.SelfDescribingJson object at 0x0000023BEAF07850>, <snowplow_tracker.self_describing_json.SelfDescribingJson object at 0x0000023BEAA87190>, <snowplow_tracker.self_describing_json.SelfDescribingJson object at 0x0000023BE817DE90>]}


============================== 12:08:40.047365 | 7d995630-6a58-4f57-bd38-33158cee536a ==============================
[0m12:08:40.047365 [info ] [MainThread]: Running with dbt=1.6.0
[0m12:08:40.049333 [debug] [MainThread]: running dbt with arguments {'printer_width': '80', 'indirect_selection': 'eager', 'write_json': 'True', 'log_cache_events': 'False', 'partial_parse': 'True', 'cache_selected_only': 'False', 'profiles_dir': 'C:\\Users\\mmuni\\.dbt', 'fail_fast': 'False', 'debug': 'False', 'log_path': 'logs', 'version_check': 'True', 'warn_error': 'None', 'use_colors': 'True', 'use_experimental_parser': 'False', 'no_print': 'None', 'quiet': 'False', 'log_format': 'default', 'invocation_command': 'dbt init nfl_etl', 'static_parser': 'True', 'warn_error_options': 'WarnErrorOptions(include=[], exclude=[])', 'target_path': 'None', 'introspect': 'True', 'send_anonymous_usage_stats': 'True'}
[0m12:08:40.051354 [debug] [MainThread]: Starter project path: C:\Users\mmuni\source\repos\nfl_etl\venv\Lib\site-packages\dbt\include\starter_project
[0m12:08:40.109195 [info ] [MainThread]: 
Your new dbt project "nfl_etl" was created!

For more information on how to configure the profiles.yml file,
please consult the dbt documentation here:

  https://docs.getdbt.com/docs/configure-your-profile

One more thing:

Need help? Don't hesitate to reach out to us via GitHub issues or on Slack:

  https://community.getdbt.com/

Happy modeling!

[0m12:08:40.113162 [info ] [MainThread]: Setting up your profile.
[0m12:08:45.690240 [info ] [MainThread]: Profile nfl_etl written to C:\Users\mmuni\.dbt\profiles.yml using target's sample configuration. Once updated, you'll be able to start developing with dbt.
[0m12:08:45.693231 [debug] [MainThread]: Command `dbt init` succeeded at 12:08:45.693231 after 5.67 seconds
[0m12:08:45.694261 [debug] [MainThread]: Sending event: {'category': 'dbt', 'action': 'invocation', 'label': 'end', 'context': [<snowplow_tracker.self_describing_json.SelfDescribingJson object at 0x0000023BEAEF5050>, <snowplow_tracker.self_describing_json.SelfDescribingJson object at 0x0000023BE543D0D0>, <snowplow_tracker.self_describing_json.SelfDescribingJson object at 0x0000023BE58836D0>]}
[0m12:08:45.696249 [debug] [MainThread]: Flushing usage events
[0m16:36:41.908929 [debug] [MainThread]: Sending event: {'category': 'dbt', 'action': 'invocation', 'label': 'start', 'context': [<snowplow_tracker.self_describing_json.SelfDescribingJson object at 0x00000228E58A4B10>, <snowplow_tracker.self_describing_json.SelfDescribingJson object at 0x00000228E553E850>, <snowplow_tracker.self_describing_json.SelfDescribingJson object at 0x00000228E553E8D0>]}


============================== 16:36:41.914938 | 272a6183-c18a-42cd-84ab-4ac4aa6a045e ==============================
[0m16:36:41.914938 [info ] [MainThread]: Running with dbt=1.6.0
[0m16:36:41.916951 [debug] [MainThread]: running dbt with arguments {'printer_width': '80', 'indirect_selection': 'eager', 'log_cache_events': 'False', 'write_json': 'True', 'partial_parse': 'True', 'cache_selected_only': 'False', 'warn_error': 'None', 'debug': 'False', 'fail_fast': 'False', 'log_path': 'logs', 'version_check': 'True', 'profiles_dir': 'C:\\Users\\mmuni\\.dbt', 'use_colors': 'True', 'use_experimental_parser': 'False', 'no_print': 'None', 'quiet': 'False', 'warn_error_options': 'WarnErrorOptions(include=[], exclude=[])', 'invocation_command': 'dbt run', 'introspect': 'True', 'static_parser': 'True', 'target_path': 'None', 'log_format': 'default', 'send_anonymous_usage_stats': 'True'}
[0m16:36:41.917982 [error] [MainThread]: Encountered an error:
Runtime Error
  No dbt_project.yml found at expected path C:\Users\mmuni\source\repos\nfl_etl\dbt_project.yml
  Verify that each entry within packages.yml (and their transitive dependencies) contains a file named dbt_project.yml
  
[0m16:36:41.920938 [debug] [MainThread]: Command `dbt run` failed at 16:36:41.920938 after 0.04 seconds
[0m16:36:41.920938 [debug] [MainThread]: Sending event: {'category': 'dbt', 'action': 'invocation', 'label': 'end', 'context': [<snowplow_tracker.self_describing_json.SelfDescribingJson object at 0x00000228E537A790>, <snowplow_tracker.self_describing_json.SelfDescribingJson object at 0x00000228E538FAD0>, <snowplow_tracker.self_describing_json.SelfDescribingJson object at 0x00000228E542D050>]}
[0m16:36:41.921939 [debug] [MainThread]: Flushing usage events
